Arguments: 
  /usr/bin/node /usr/share/yarn/bin/yarn.js

PATH: 
  /usr/local/bin:/usr/bin:/bin:/usr/local/games:/usr/games

Yarn version: 
  1.6.0

Node version: 
  8.11.1

Platform: 
  linux x64

Trace: 
  Error: EEXIST: file already exists, mkdir '/home/samson/applestoreikeja/node_modules'

npm manifest: 
  {
    "name": "mithriljs-shopping-list",
    "version": "1.0.0",
    "description": "",
    "main": "index.js",
    "scripts": {
      "test": "echo \"Error: no test specified\" && exit 1",
      "start": "webpack -p --watch --display-modules"
    },
    "keywords": [],
    "author": "",
    "license": "ISC",
    "dependencies": {
      "mithril": "^1.1.3",
      "siema": "^1.5.1",
      "sw-precache-webpack-plugin": "^0.11.5"
    },
    "devDependencies": {
      "babel-core": "6",
      "babel-loader": "^7.1.4",
      "webpack": "^4.5.0",
      "webpack-cli": "^2.0.14",
      "webpack": "^4.5.0",
      "babel-plugin-transform-react-jsx": "^6.24.1",
      "babel-preset-es2015": "^6.24.1"
    }
  }

yarn manifest: 
  No manifest

Lockfile: 
  No lockfile
